<?xml version="1.0" encoding="UTF-8"?>
<!-- Generated by org.testng.reporters.JUnitReportReporter -->
<testsuite skipped="0" hostname="Digi" name="firsttestngpackage.Priority_in_testng" tests="3" failures="0" timestamp="19 Jul 2018 05:15:48 GMT" time="10.490" errors="0">
  <testcase name="openBrowser" time="8.147" classname="firsttestngpackage.Priority_in_testng"/>
  <testcase name="lauchGoogle" time="2.036" classname="firsttestngpackage.Priority_in_testng"/>
  <testcase name="performSearchandClick1stLink" time="0.307" classname="firsttestngpackage.Priority_in_testng"/>
</testsuite> <!-- firsttestngpackage.Priority_in_testng -->
