<?xml version="1.0" encoding="UTF-8"?>
<!-- Generated by org.testng.reporters.JUnitReportReporter -->
<testsuite skipped="0" hostname="Digi" name="firsttestngpackage.Testng_priority_Annotations" tests="3" failures="0" timestamp="18 Jul 2018 11:34:41 GMT" time="0.015" errors="0">
  <testcase name="a_method" time="0.011" classname="firsttestngpackage.Testng_priority_Annotations"/>
  <testcase name="c_method" time="0.002" classname="firsttestngpackage.Testng_priority_Annotations"/>
  <testcase name="d_method" time="0.002" classname="firsttestngpackage.Testng_priority_Annotations"/>
</testsuite> <!-- firsttestngpackage.Testng_priority_Annotations -->
