<?xml version="1.0" encoding="UTF-8"?>
<!-- Generated by org.testng.reporters.JUnitReportReporter -->
<testsuite hostname="Digi" name="dataDrivenTesting.Newtours_Login" tests="2" failures="0" timestamp="1 Aug 2018 08:55:39 GMT" time="267.353" errors="0">
  <testcase name="NewRegister" time="267.023" classname="dataDrivenTesting.Newtours_Login"/>
  <testcase name="Register" time="0.330" classname="dataDrivenTesting.Newtours_Login"/>
</testsuite> <!-- dataDrivenTesting.Newtours_Login -->
