<?xml version="1.0" encoding="UTF-8"?>
<!-- Generated by org.testng.reporters.JUnitReportReporter -->
<testsuite hostname="Digi" name="com.ConsoleData_Display_Excel.PMS_Login2" tests="1" failures="0" timestamp="2 Aug 2018 06:18:18 GMT" time="28.373" errors="0">
  <testcase name="Login" time="28.373" classname="com.ConsoleData_Display_Excel.PMS_Login2"/>
</testsuite> <!-- com.ConsoleData_Display_Excel.PMS_Login2 -->
