<?xml version="1.0" encoding="UTF-8"?>
<!-- Generated by org.testng.reporters.JUnitReportReporter -->
<testsuite hostname="Digi" name="com.ConsoleData_Display_Excel.Newtours_Register_Countrynames" tests="2" failures="0" timestamp="2 Aug 2018 06:18:18 GMT" time="16.684" errors="0">
  <testcase name="Country" time="16.375" classname="com.ConsoleData_Display_Excel.Newtours_Register_Countrynames"/>
  <testcase name="Login" time="0.309" classname="com.ConsoleData_Display_Excel.Newtours_Register_Countrynames"/>
</testsuite> <!-- com.ConsoleData_Display_Excel.Newtours_Register_Countrynames -->
