<?xml version="1.0" encoding="UTF-8"?>
<!-- Generated by org.testng.reporters.JUnitReportReporter -->
<testsuite hostname="Digi" name="com.newtours_register_properties.Newtours_Register" tests="1" failures="0" timestamp="7 Aug 2018 08:55:46 GMT" time="138.057" errors="0">
  <testcase name="Register" time="138.057" classname="com.newtours_register_properties.Newtours_Register"/>
</testsuite> <!-- com.newtours_register_properties.Newtours_Register -->
