<?xml version="1.0" encoding="UTF-8"?>
<!-- Generated by org.testng.reporters.JUnitReportReporter -->
<testsuite hostname="Digi" name="com.Annotations.Annotations_Test" tests="1" failures="0" timestamp="30 Jul 2018 09:18:41 GMT" time="0.020" errors="0">
  <testcase name="insertdata" time="0.020" classname="com.Annotations.Annotations_Test"/>
</testsuite> <!-- com.Annotations.Annotations_Test -->
