<?xml version="1.0" encoding="UTF-8"?>
<!-- Generated by org.testng.reporters.JUnitReportReporter -->
<testsuite skipped="0" hostname="Digi" name="com.Pms.LoginTest_pms_MultipleData" tests="1" failures="0" timestamp="21 Aug 2018 10:34:32 GMT" time="51.667" errors="0">
  <testcase name="logIn" time="51.667" classname="com.Pms.LoginTest_pms_MultipleData"/>
</testsuite> <!-- com.Pms.LoginTest_pms_MultipleData -->
