<?xml version="1.0" encoding="UTF-8"?>
<!-- Generated by org.testng.reporters.JUnitReportReporter -->
<testsuite skipped="0" hostname="Digi" name="newPMS.DirectoryPage" tests="3" failures="0" timestamp="16 Aug 2018 12:30:37 GMT" time="30.345" errors="0">
  <testcase name="login" time="3.485" classname="newPMS.DirectoryPage"/>
  <testcase name="Department" time="14.022" classname="newPMS.DirectoryPage"/>
  <testcase name="Adddata" time="12.838" classname="newPMS.DirectoryPage"/>
</testsuite> <!-- newPMS.DirectoryPage -->
