<?xml version="1.0" encoding="UTF-8"?>
<!-- Generated by org.testng.reporters.JUnitReportReporter -->
<testsuite skipped="0" hostname="Digi" name="newPMS.SpecialityPage" tests="4" failures="0" timestamp="17 Aug 2018 11:45:01 GMT" time="38.144" errors="0">
  <testcase name="login" time="3.574" classname="newPMS.SpecialityPage"/>
  <testcase name="Department" time="14.098" classname="newPMS.SpecialityPage"/>
  <testcase name="Adddata" time="13.086" classname="newPMS.SpecialityPage"/>
  <testcase name="Speciality" time="7.386" classname="newPMS.SpecialityPage"/>
</testsuite> <!-- newPMS.SpecialityPage -->
