<?xml version="1.0" encoding="UTF-8"?>
<!-- Generated by org.testng.reporters.JUnitReportReporter -->
<testsuite skipped="0" hostname="Digi" name="newPMS.Login_PMS" tests="1" failures="0" timestamp="17 Aug 2018 11:35:15 GMT" time="3.657" errors="0">
  <testcase name="login" time="3.657" classname="newPMS.Login_PMS"/>
</testsuite> <!-- newPMS.Login_PMS -->
